newUniq { session: 'a671113a-f598-443b-9aaf-e74feef3fe0b',
  path: 
   Url {
     protocol: null,
     slashes: null,
     auth: null,
     host: null,
     port: null,
     hostname: null,
     hash: null,
     search: '',
     query: 
      { agent: 'Mozilla/5.0 (X11; Linux x86_64) AppleWebKit/537.36 (KHTML, like Gecko) Chrome/50.0.2661.75 Safari/537.36',
        url: '/',
        title: 'Главная - Nixson',
        os: 'Linux x86_64',
        ref: '',
        locale: 'ru',
        protocol: 'http:',
        mid: '0',
        time: '0',
        managers: '{}',
        triggers: '[]',
        position: '0' },
     pathname: '/1873/0/nixson.ru',
     path: '/1873/0/nixson.ru',
     href: '/1873/0/nixson.ru',
     headers: 
      { host: 'gb.bhelp.com',
        ip: '80.92.31.23',
        'x-forwarded-for': '80.92.31.23',
        geoip_country: 'RU',
        geoip_country_code: 'RU',
        geoip_country_code3: 'RUS',
        geoip_country_name: 'Russian Federation',
        geoip_city_country_code: 'RU',
        geoip_city_country_code3: 'RUS',
        geoip_city_country_name: 'Russian Federation',
        geoip_city_continent_code: 'EU',
        geoip_latitude: '60.0000',
        geoip_longitude: '100.0000',
        connection: 'close',
        'content-length': '292',
        accept: 'application/json, text/javascript, */*; q=0.01',
        origin: 'http://nixson.ru',
        'user-agent': 'Mozilla/5.0 (X11; Linux x86_64) AppleWebKit/537.36 (KHTML, like Gecko) Chrome/50.0.2661.75 Safari/537.36',
        'content-type': 'application/x-www-form-urlencoded; charset=UTF-8',
        dnt: '1',
        referer: 'http://nixson.ru/',
        'accept-encoding': 'gzip, deflate',
        'accept-language': 'ru,en;q=0.8,en-US;q=0.6,zh;q=0.4,zh-TW;q=0.2' },
     type: 'post' } }
newUniq { session: '6aec9dee-c138-4d42-8694-0e11b4c24ca1',
  path: 
   Url {
     protocol: null,
     slashes: null,
     auth: null,
     host: null,
     port: null,
     hostname: null,
     hash: null,
     search: '',
     query: 
      { agent: 'Mozilla/5.0 (X11; Linux x86_64) AppleWebKit/537.36 (KHTML, like Gecko) Chrome/50.0.2661.75 Safari/537.36',
        url: '/',
        title: 'Главная - Nixson',
        os: 'Linux x86_64',
        ref: '',
        locale: 'ru',
        protocol: 'http:',
        mid: '0',
        time: '0',
        managers: '{}',
        triggers: '[]',
        position: '0' },
     pathname: '/1873/0/nixson.ru',
     path: '/1873/0/nixson.ru',
     href: '/1873/0/nixson.ru',
     headers: 
      { host: 'gb.bhelp.com',
        ip: '80.92.31.23',
        'x-forwarded-for': '80.92.31.23',
        geoip_country: 'RU',
        geoip_country_code: 'RU',
        geoip_country_code3: 'RUS',
        geoip_country_name: 'Russian Federation',
        geoip_city_country_code: 'RU',
        geoip_city_country_code3: 'RUS',
        geoip_city_country_name: 'Russian Federation',
        geoip_city_continent_code: 'EU',
        geoip_latitude: '60.0000',
        geoip_longitude: '100.0000',
        connection: 'close',
        'content-length': '292',
        accept: 'application/json, text/javascript, */*; q=0.01',
        origin: 'http://nixson.ru',
        'user-agent': 'Mozilla/5.0 (X11; Linux x86_64) AppleWebKit/537.36 (KHTML, like Gecko) Chrome/50.0.2661.75 Safari/537.36',
        'content-type': 'application/x-www-form-urlencoded; charset=UTF-8',
        dnt: '1',
        referer: 'http://nixson.ru/',
        'accept-encoding': 'gzip, deflate',
        'accept-language': 'ru,en;q=0.8,en-US;q=0.6,zh;q=0.4,zh-TW;q=0.2' },
     type: 'post' } }
newUniq { session: '71e07e7a-7b1e-4ad1-925d-3a2bf62c0c25',
  path: 
   Url {
     protocol: null,
     slashes: null,
     auth: null,
     host: null,
     port: null,
     hostname: null,
     hash: null,
     search: '',
     query: 
      { agent: 'Mozilla/5.0 (X11; Linux x86_64) AppleWebKit/537.36 (KHTML, like Gecko) Chrome/50.0.2661.75 Safari/537.36',
        url: '/',
        title: 'Главная - Nixson',
        os: 'Linux x86_64',
        ref: '',
        locale: 'ru',
        protocol: 'http:',
        mid: '0',
        time: '0',
        managers: '{}',
        triggers: '[]',
        position: '0' },
     pathname: '/1873/0/nixson.ru',
     path: '/1873/0/nixson.ru',
     href: '/1873/0/nixson.ru',
     headers: 
      { host: 'gb.bhelp.com',
        ip: '80.92.31.23',
        'x-forwarded-for': '80.92.31.23',
        geoip_country: 'RU',
        geoip_country_code: 'RU',
        geoip_country_code3: 'RUS',
        geoip_country_name: 'Russian Federation',
        geoip_city_country_code: 'RU',
        geoip_city_country_code3: 'RUS',
        geoip_city_country_name: 'Russian Federation',
        geoip_city_continent_code: 'EU',
        geoip_latitude: '60.0000',
        geoip_longitude: '100.0000',
        connection: 'close',
        'content-length': '292',
        accept: 'application/json, text/javascript, */*; q=0.01',
        origin: 'http://nixson.ru',
        'user-agent': 'Mozilla/5.0 (X11; Linux x86_64) AppleWebKit/537.36 (KHTML, like Gecko) Chrome/50.0.2661.75 Safari/537.36',
        'content-type': 'application/x-www-form-urlencoded; charset=UTF-8',
        dnt: '1',
        referer: 'http://nixson.ru/',
        'accept-encoding': 'gzip, deflate',
        'accept-language': 'ru,en;q=0.8,en-US;q=0.6,zh;q=0.4,zh-TW;q=0.2' },
     type: 'post' } }
