0 info it worked if it ends with ok
1 verbose cli [ '/opt/node/bin/node',
1 verbose cli   '/opt/node/bin/npm',
1 verbose cli   'install',
1 verbose cli   'sypexgeo-nan' ]
2 info using npm@3.3.12
3 info using node@v5.2.0
4 silly loadCurrentTree Starting
5 silly install loadCurrentTree
6 silly install readLocalPackageData
7 silly fetchPackageMetaData sypexgeo-nan
8 silly fetchNamedPackageData sypexgeo-nan
9 silly mapToRegistry name sypexgeo-nan
10 silly mapToRegistry using default registry
11 silly mapToRegistry registry https://registry.npmjs.org/
12 silly mapToRegistry uri https://registry.npmjs.org/sypexgeo-nan
13 verbose request uri https://registry.npmjs.org/sypexgeo-nan
14 verbose request no auth needed
15 info attempt registry request try #1 at 15:53:06
16 verbose request id c2e1321ba070fc95
17 http request GET https://registry.npmjs.org/sypexgeo-nan
18 http 200 https://registry.npmjs.org/sypexgeo-nan
19 verbose headers { server: 'CouchDB/1.5.0 (Erlang OTP/R16B03)',
19 verbose headers   etag: '"4L38ZPIODQPQEPMFE6Z3O6NHW"',
19 verbose headers   'content-type': 'application/json',
19 verbose headers   'cache-control': 'max-age=300',
19 verbose headers   'content-length': '3785',
19 verbose headers   'accept-ranges': 'bytes',
19 verbose headers   date: 'Tue, 15 Dec 2015 12:53:06 GMT',
19 verbose headers   via: '1.1 varnish',
19 verbose headers   age: '0',
19 verbose headers   connection: 'keep-alive',
19 verbose headers   'x-served-by': 'cache-fra1234-FRA',
19 verbose headers   'x-cache': 'MISS',
19 verbose headers   'x-cache-hits': '0',
19 verbose headers   'x-timer': 'S1450183986.286798,VS0,VE182',
19 verbose headers   vary: 'Accept' }
20 silly get cb [ 200,
20 silly get   { server: 'CouchDB/1.5.0 (Erlang OTP/R16B03)',
20 silly get     etag: '"4L38ZPIODQPQEPMFE6Z3O6NHW"',
20 silly get     'content-type': 'application/json',
20 silly get     'cache-control': 'max-age=300',
20 silly get     'content-length': '3785',
20 silly get     'accept-ranges': 'bytes',
20 silly get     date: 'Tue, 15 Dec 2015 12:53:06 GMT',
20 silly get     via: '1.1 varnish',
20 silly get     age: '0',
20 silly get     connection: 'keep-alive',
20 silly get     'x-served-by': 'cache-fra1234-FRA',
20 silly get     'x-cache': 'MISS',
20 silly get     'x-cache-hits': '0',
20 silly get     'x-timer': 'S1450183986.286798,VS0,VE182',
20 silly get     vary: 'Accept' } ]
21 verbose get saving sypexgeo-nan to /opt/usr/bh/.npm/registry.npmjs.org/sypexgeo-nan/.cache.json
22 silly install normalizeTree
23 silly loadCurrentTree Finishing
24 silly loadIdealTree Starting
25 silly install loadIdealTree
26 silly cloneCurrentTree Starting
27 silly install cloneCurrentTreeToIdealTree
28 silly cloneCurrentTree Finishing
29 silly loadShrinkwrap Starting
30 silly install loadShrinkwrap
31 silly loadShrinkwrap Finishing
32 silly loadAllDepsIntoIdealTree Starting
33 silly install loadAllDepsIntoIdealTree
34 silly resolveWithNewModule sypexgeo-nan@0.1.2 checking installable status
35 silly cache add args [ 'sypexgeo-nan', null ]
36 verbose cache add spec sypexgeo-nan
37 silly cache add parsed spec Result {
37 silly cache add   raw: 'sypexgeo-nan',
37 silly cache add   scope: null,
37 silly cache add   name: 'sypexgeo-nan',
37 silly cache add   rawSpec: '',
37 silly cache add   spec: '*',
37 silly cache add   type: 'range' }
38 silly addNamed sypexgeo-nan@*
39 verbose addNamed "*" is a valid semver range for sypexgeo-nan
40 silly addNameRange { name: 'sypexgeo-nan', range: '*', hasData: false }
41 silly mapToRegistry name sypexgeo-nan
42 silly mapToRegistry using default registry
43 silly mapToRegistry registry https://registry.npmjs.org/
44 silly mapToRegistry uri https://registry.npmjs.org/sypexgeo-nan
45 verbose addNameRange registry:https://registry.npmjs.org/sypexgeo-nan not in flight; fetching
46 verbose get https://registry.npmjs.org/sypexgeo-nan not expired, no request
47 silly addNameRange number 2 { name: 'sypexgeo-nan', range: '*', hasData: true }
48 silly addNameRange versions [ 'sypexgeo-nan', [ '0.1.1', '0.1.2' ] ]
49 silly addNamed sypexgeo-nan@0.1.2
50 verbose addNamed "0.1.2" is a plain semver version for sypexgeo-nan
51 silly cache afterAdd sypexgeo-nan@0.1.2
52 verbose afterAdd /opt/usr/bh/.npm/sypexgeo-nan/0.1.2/package/package.json not in flight; writing
53 verbose afterAdd /opt/usr/bh/.npm/sypexgeo-nan/0.1.2/package/package.json written
54 silly fetchNamedPackageData nan
55 silly mapToRegistry name nan
56 silly mapToRegistry using default registry
57 silly mapToRegistry registry https://registry.npmjs.org/
58 silly mapToRegistry uri https://registry.npmjs.org/nan
59 verbose request uri https://registry.npmjs.org/nan
60 verbose request no auth needed
61 info attempt registry request try #1 at 15:53:06
62 verbose etag "7CEDVJA24M9BXRU7SU6WRSW4M"
63 http request GET https://registry.npmjs.org/nan
64 http 304 https://registry.npmjs.org/nan
65 verbose headers { date: 'Tue, 15 Dec 2015 12:53:06 GMT',
65 verbose headers   via: '1.1 varnish',
65 verbose headers   'cache-control': 'max-age=60',
65 verbose headers   etag: '"7CEDVJA24M9BXRU7SU6WRSW4M"',
65 verbose headers   age: '54',
65 verbose headers   connection: 'keep-alive',
65 verbose headers   'x-served-by': 'cache-fra1224-FRA',
65 verbose headers   'x-cache': 'HIT',
65 verbose headers   'x-cache-hits': '5',
65 verbose headers   'x-timer': 'S1450183986.886103,VS0,VE0',
65 verbose headers   vary: 'Accept' }
66 silly get cb [ 304,
66 silly get   { date: 'Tue, 15 Dec 2015 12:53:06 GMT',
66 silly get     via: '1.1 varnish',
66 silly get     'cache-control': 'max-age=60',
66 silly get     etag: '"7CEDVJA24M9BXRU7SU6WRSW4M"',
66 silly get     age: '54',
66 silly get     connection: 'keep-alive',
66 silly get     'x-served-by': 'cache-fra1224-FRA',
66 silly get     'x-cache': 'HIT',
66 silly get     'x-cache-hits': '5',
66 silly get     'x-timer': 'S1450183986.886103,VS0,VE0',
66 silly get     vary: 'Accept' } ]
67 verbose etag https://registry.npmjs.org/nan from cache
68 verbose get saving nan to /opt/usr/bh/.npm/registry.npmjs.org/nan/.cache.json
69 silly resolveWithNewModule nan@2.1.0 checking installable status
70 silly cache add args [ 'nan@*', null ]
71 verbose cache add spec nan@*
72 silly cache add parsed spec Result {
72 silly cache add   raw: 'nan@*',
72 silly cache add   scope: null,
72 silly cache add   name: 'nan',
72 silly cache add   rawSpec: '*',
72 silly cache add   spec: '*',
72 silly cache add   type: 'range' }
73 silly addNamed nan@*
74 verbose addNamed "*" is a valid semver range for nan
75 silly addNameRange { name: 'nan', range: '*', hasData: false }
76 silly mapToRegistry name nan
77 silly mapToRegistry using default registry
78 silly mapToRegistry registry https://registry.npmjs.org/
79 silly mapToRegistry uri https://registry.npmjs.org/nan
80 verbose addNameRange registry:https://registry.npmjs.org/nan not in flight; fetching
81 verbose get https://registry.npmjs.org/nan not expired, no request
82 silly addNameRange number 2 { name: 'nan', range: '*', hasData: true }
83 silly addNameRange versions [ 'nan',
83 silly addNameRange   [ '0.3.0-wip',
83 silly addNameRange     '0.3.0-wip2',
83 silly addNameRange     '0.3.0',
83 silly addNameRange     '0.3.1',
83 silly addNameRange     '0.3.2',
83 silly addNameRange     '0.4.0',
83 silly addNameRange     '0.4.1',
83 silly addNameRange     '0.4.2',
83 silly addNameRange     '0.4.3',
83 silly addNameRange     '0.4.4',
83 silly addNameRange     '0.5.0',
83 silly addNameRange     '0.5.1',
83 silly addNameRange     '0.5.2',
83 silly addNameRange     '0.6.0',
83 silly addNameRange     '0.7.0',
83 silly addNameRange     '0.7.1',
83 silly addNameRange     '0.8.0',
83 silly addNameRange     '1.0.0',
83 silly addNameRange     '1.1.0',
83 silly addNameRange     '1.1.1',
83 silly addNameRange     '1.1.2',
83 silly addNameRange     '1.2.0',
83 silly addNameRange     '1.3.0',
83 silly addNameRange     '1.4.0',
83 silly addNameRange     '1.4.1',
83 silly addNameRange     '1.5.0',
83 silly addNameRange     '1.4.2',
83 silly addNameRange     '1.4.3',
83 silly addNameRange     '1.5.1',
83 silly addNameRange     '1.5.2',
83 silly addNameRange     '1.6.0',
83 silly addNameRange     '1.5.3',
83 silly addNameRange     '1.6.1',
83 silly addNameRange     '1.6.2',
83 silly addNameRange     '1.7.0',
83 silly addNameRange     '1.8.0',
83 silly addNameRange     '1.8.1',
83 silly addNameRange     '1.8.2',
83 silly addNameRange     '1.8.3',
83 silly addNameRange     '1.8.4',
83 silly addNameRange     '1.9.0',
83 silly addNameRange     '2.0.0',
83 silly addNameRange     '2.0.1',
83 silly addNameRange     '2.0.2',
83 silly addNameRange     '2.0.3',
83 silly addNameRange     '2.0.4',
83 silly addNameRange     '2.0.5',
83 silly addNameRange     '2.0.6',
83 silly addNameRange     '2.0.7',
83 silly addNameRange     '2.0.8',
83 silly addNameRange     '2.0.9',
83 silly addNameRange     '2.1.0' ] ]
84 silly addNamed nan@2.1.0
85 verbose addNamed "2.1.0" is a plain semver version for nan
86 silly cache afterAdd nan@2.1.0
87 verbose afterAdd /opt/usr/bh/.npm/nan/2.1.0/package/package.json not in flight; writing
88 verbose afterAdd /opt/usr/bh/.npm/nan/2.1.0/package/package.json written
89 silly loadAllDepsIntoIdealTree Finishing
90 silly idealTree:prePrune cluster
90 silly idealTree:prePrune ├── daemonize2@0.4.2
90 silly idealTree:prePrune ├── json-gate@0.8.22
90 silly idealTree:prePrune ├─┬ mysql@2.8.0
90 silly idealTree:prePrune │ ├── bignumber.js@2.0.7
90 silly idealTree:prePrune │ └─┬ readable-stream@1.1.13
90 silly idealTree:prePrune │   ├── core-util-is@1.0.1
90 silly idealTree:prePrune │   ├── inherits@2.0.1
90 silly idealTree:prePrune │   ├── isarray@0.0.1
90 silly idealTree:prePrune │   └── string_decoder@0.10.31
90 silly idealTree:prePrune ├── nan@2.1.0
90 silly idealTree:prePrune ├── redis@0.12.1
90 silly idealTree:prePrune ├─┬ socket.io@1.3.7
90 silly idealTree:prePrune │ ├─┬ debug@2.1.0
90 silly idealTree:prePrune │ │ └── ms@0.6.2
90 silly idealTree:prePrune │ ├─┬ engine.io@1.5.4
90 silly idealTree:prePrune │ │ ├── base64id@0.1.0
90 silly idealTree:prePrune │ │ ├─┬ debug@1.0.3
90 silly idealTree:prePrune │ │ │ └── ms@0.6.2
90 silly idealTree:prePrune │ │ ├─┬ engine.io-parser@1.2.2
90 silly idealTree:prePrune │ │ │ ├── after@0.8.1
90 silly idealTree:prePrune │ │ │ ├── arraybuffer.slice@0.0.6
90 silly idealTree:prePrune │ │ │ ├── base64-arraybuffer@0.1.2
90 silly idealTree:prePrune │ │ │ ├── blob@0.0.4
90 silly idealTree:prePrune │ │ │ ├─┬ has-binary@0.1.6
90 silly idealTree:prePrune │ │ │ │ └── isarray@0.0.1
90 silly idealTree:prePrune │ │ │ └── utf8@2.1.0
90 silly idealTree:prePrune │ │ └─┬ ws@0.8.0
90 silly idealTree:prePrune │ │   ├─┬ bufferutil@1.2.1
90 silly idealTree:prePrune │ │   │ ├── bindings@1.2.1
90 silly idealTree:prePrune │ │   │ └── nan@2.1.0
90 silly idealTree:prePrune │ │   ├── options@0.0.6
90 silly idealTree:prePrune │ │   ├── ultron@1.0.2
90 silly idealTree:prePrune │ │   └─┬ utf-8-validate@1.2.1
90 silly idealTree:prePrune │ │     ├── bindings@1.2.1
90 silly idealTree:prePrune │ │     └── nan@2.1.0
90 silly idealTree:prePrune │ ├─┬ has-binary-data@0.1.3
90 silly idealTree:prePrune │ │ └── isarray@0.0.1
90 silly idealTree:prePrune │ ├─┬ socket.io-adapter@0.3.1
90 silly idealTree:prePrune │ │ ├─┬ debug@1.0.2
90 silly idealTree:prePrune │ │ │ └── ms@0.6.2
90 silly idealTree:prePrune │ │ ├── object-keys@1.0.1
90 silly idealTree:prePrune │ │ └─┬ socket.io-parser@2.2.2
90 silly idealTree:prePrune │ │   ├── benchmark@1.0.0
90 silly idealTree:prePrune │ │   ├── component-emitter@1.1.2
90 silly idealTree:prePrune │ │   ├── debug@0.7.4
90 silly idealTree:prePrune │ │   ├── isarray@0.0.1
90 silly idealTree:prePrune │ │   └── json3@3.2.6
90 silly idealTree:prePrune │ ├─┬ socket.io-client@1.3.7
90 silly idealTree:prePrune │ │ ├── backo2@1.0.2
90 silly idealTree:prePrune │ │ ├── component-bind@1.0.0
90 silly idealTree:prePrune │ │ ├── component-emitter@1.1.2
90 silly idealTree:prePrune │ │ ├── debug@0.7.4
90 silly idealTree:prePrune │ │ ├─┬ engine.io-client@1.5.4
90 silly idealTree:prePrune │ │ │ ├── component-inherit@0.0.3
90 silly idealTree:prePrune │ │ │ ├─┬ debug@1.0.4
90 silly idealTree:prePrune │ │ │ │ └── ms@0.6.2
90 silly idealTree:prePrune │ │ │ ├─┬ engine.io-parser@1.2.2
90 silly idealTree:prePrune │ │ │ │ ├── after@0.8.1
90 silly idealTree:prePrune │ │ │ │ ├── arraybuffer.slice@0.0.6
90 silly idealTree:prePrune │ │ │ │ ├── base64-arraybuffer@0.1.2
90 silly idealTree:prePrune │ │ │ │ ├── blob@0.0.4
90 silly idealTree:prePrune │ │ │ │ └── utf8@2.1.0
90 silly idealTree:prePrune │ │ │ ├─┬ has-cors@1.0.3
90 silly idealTree:prePrune │ │ │ │ └── global@2.0.1
90 silly idealTree:prePrune │ │ │ ├─┬ parsejson@0.0.1
90 silly idealTree:prePrune │ │ │ │ └─┬ better-assert@1.0.2
90 silly idealTree:prePrune │ │ │ │   └── callsite@1.0.0
90 silly idealTree:prePrune │ │ │ ├─┬ parseqs@0.0.2
90 silly idealTree:prePrune │ │ │ │ └─┬ better-assert@1.0.2
90 silly idealTree:prePrune │ │ │ │   └── callsite@1.0.0
90 silly idealTree:prePrune │ │ │ ├─┬ parseuri@0.0.4
90 silly idealTree:prePrune │ │ │ │ └─┬ better-assert@1.0.2
90 silly idealTree:prePrune │ │ │ │   └── callsite@1.0.0
90 silly idealTree:prePrune │ │ │ ├─┬ ws@0.8.0
90 silly idealTree:prePrune │ │ │ │ ├─┬ bufferutil@1.2.1
90 silly idealTree:prePrune │ │ │ │ │ ├── bindings@1.2.1
90 silly idealTree:prePrune │ │ │ │ │ └── nan@2.1.0
90 silly idealTree:prePrune │ │ │ │ ├── options@0.0.6
90 silly idealTree:prePrune │ │ │ │ ├── ultron@1.0.2
90 silly idealTree:prePrune │ │ │ │ └─┬ utf-8-validate@1.2.1
90 silly idealTree:prePrune │ │ │ │   ├── bindings@1.2.1
90 silly idealTree:prePrune │ │ │ │   └── nan@2.1.0
90 silly idealTree:prePrune │ │ │ └── xmlhttprequest@1.5.0
90 silly idealTree:prePrune │ │ ├─┬ has-binary@0.1.6
90 silly idealTree:prePrune │ │ │ └── isarray@0.0.1
90 silly idealTree:prePrune │ │ ├── indexof@0.0.1
90 silly idealTree:prePrune │ │ ├── object-component@0.0.3
90 silly idealTree:prePrune │ │ ├─┬ parseuri@0.0.2
90 silly idealTree:prePrune │ │ │ └─┬ better-assert@1.0.2
90 silly idealTree:prePrune │ │ │   └── callsite@1.0.0
90 silly idealTree:prePrune │ │ └── to-array@0.1.3
90 silly idealTree:prePrune │ └─┬ socket.io-parser@2.2.4
90 silly idealTree:prePrune │   ├── benchmark@1.0.0
90 silly idealTree:prePrune │   ├── component-emitter@1.1.2
90 silly idealTree:prePrune │   ├── debug@0.7.4
90 silly idealTree:prePrune │   ├── isarray@0.0.1
90 silly idealTree:prePrune │   └── json3@3.2.6
90 silly idealTree:prePrune ├── sypexgeo-nan@0.1.2
90 silly idealTree:prePrune └─┬ ws@0.8.1
90 silly idealTree:prePrune   ├─┬ bufferutil@1.2.1
90 silly idealTree:prePrune   │ ├── bindings@1.2.1
90 silly idealTree:prePrune   │ └── nan@2.1.0
90 silly idealTree:prePrune   ├── options@0.0.6
90 silly idealTree:prePrune   ├── ultron@1.0.2
90 silly idealTree:prePrune   └─┬ utf-8-validate@1.2.1
90 silly idealTree:prePrune     ├── bindings@1.2.1
90 silly idealTree:prePrune     └── nan@2.1.0
91 silly loadIdealTree Finishing
92 silly currentTree cluster
92 silly currentTree ├── daemonize2@0.4.2
92 silly currentTree ├── json-gate@0.8.22
92 silly currentTree ├─┬ mysql@2.8.0
92 silly currentTree │ ├── bignumber.js@2.0.7
92 silly currentTree │ └─┬ readable-stream@1.1.13
92 silly currentTree │   ├── core-util-is@1.0.1
92 silly currentTree │   ├── inherits@2.0.1
92 silly currentTree │   ├── isarray@0.0.1
92 silly currentTree │   └── string_decoder@0.10.31
92 silly currentTree ├── redis@0.12.1
92 silly currentTree ├─┬ socket.io@1.3.7
92 silly currentTree │ ├─┬ debug@2.1.0
92 silly currentTree │ │ └── ms@0.6.2
92 silly currentTree │ ├─┬ engine.io@1.5.4
92 silly currentTree │ │ ├── base64id@0.1.0
92 silly currentTree │ │ ├─┬ debug@1.0.3
92 silly currentTree │ │ │ └── ms@0.6.2
92 silly currentTree │ │ ├─┬ engine.io-parser@1.2.2
92 silly currentTree │ │ │ ├── after@0.8.1
92 silly currentTree │ │ │ ├── arraybuffer.slice@0.0.6
92 silly currentTree │ │ │ ├── base64-arraybuffer@0.1.2
92 silly currentTree │ │ │ ├── blob@0.0.4
92 silly currentTree │ │ │ ├─┬ has-binary@0.1.6
92 silly currentTree │ │ │ │ └── isarray@0.0.1
92 silly currentTree │ │ │ └── utf8@2.1.0
92 silly currentTree │ │ └─┬ ws@0.8.0
92 silly currentTree │ │   ├─┬ bufferutil@1.2.1
92 silly currentTree │ │   │ ├── bindings@1.2.1
92 silly currentTree │ │   │ └── nan@2.1.0
92 silly currentTree │ │   ├── options@0.0.6
92 silly currentTree │ │   ├── ultron@1.0.2
92 silly currentTree │ │   └─┬ utf-8-validate@1.2.1
92 silly currentTree │ │     ├── bindings@1.2.1
92 silly currentTree │ │     └── nan@2.1.0
92 silly currentTree │ ├─┬ has-binary-data@0.1.3
92 silly currentTree │ │ └── isarray@0.0.1
92 silly currentTree │ ├─┬ socket.io-adapter@0.3.1
92 silly currentTree │ │ ├─┬ debug@1.0.2
92 silly currentTree │ │ │ └── ms@0.6.2
92 silly currentTree │ │ ├── object-keys@1.0.1
92 silly currentTree │ │ └─┬ socket.io-parser@2.2.2
92 silly currentTree │ │   ├── benchmark@1.0.0
92 silly currentTree │ │   ├── component-emitter@1.1.2
92 silly currentTree │ │   ├── debug@0.7.4
92 silly currentTree │ │   ├── isarray@0.0.1
92 silly currentTree │ │   └── json3@3.2.6
92 silly currentTree │ ├─┬ socket.io-client@1.3.7
92 silly currentTree │ │ ├── backo2@1.0.2
92 silly currentTree │ │ ├── component-bind@1.0.0
92 silly currentTree │ │ ├── component-emitter@1.1.2
92 silly currentTree │ │ ├── debug@0.7.4
92 silly currentTree │ │ ├─┬ engine.io-client@1.5.4
92 silly currentTree │ │ │ ├── component-inherit@0.0.3
92 silly currentTree │ │ │ ├─┬ debug@1.0.4
92 silly currentTree │ │ │ │ └── ms@0.6.2
92 silly currentTree │ │ │ ├─┬ engine.io-parser@1.2.2
92 silly currentTree │ │ │ │ ├── after@0.8.1
92 silly currentTree │ │ │ │ ├── arraybuffer.slice@0.0.6
92 silly currentTree │ │ │ │ ├── base64-arraybuffer@0.1.2
92 silly currentTree │ │ │ │ ├── blob@0.0.4
92 silly currentTree │ │ │ │ └── utf8@2.1.0
92 silly currentTree │ │ │ ├─┬ has-cors@1.0.3
92 silly currentTree │ │ │ │ └── global@2.0.1
92 silly currentTree │ │ │ ├─┬ parsejson@0.0.1
92 silly currentTree │ │ │ │ └─┬ better-assert@1.0.2
92 silly currentTree │ │ │ │   └── callsite@1.0.0
92 silly currentTree │ │ │ ├─┬ parseqs@0.0.2
92 silly currentTree │ │ │ │ └─┬ better-assert@1.0.2
92 silly currentTree │ │ │ │   └── callsite@1.0.0
92 silly currentTree │ │ │ ├─┬ parseuri@0.0.4
92 silly currentTree │ │ │ │ └─┬ better-assert@1.0.2
92 silly currentTree │ │ │ │   └── callsite@1.0.0
92 silly currentTree │ │ │ ├─┬ ws@0.8.0
92 silly currentTree │ │ │ │ ├─┬ bufferutil@1.2.1
92 silly currentTree │ │ │ │ │ ├── bindings@1.2.1
92 silly currentTree │ │ │ │ │ └── nan@2.1.0
92 silly currentTree │ │ │ │ ├── options@0.0.6
92 silly currentTree │ │ │ │ ├── ultron@1.0.2
92 silly currentTree │ │ │ │ └─┬ utf-8-validate@1.2.1
92 silly currentTree │ │ │ │   ├── bindings@1.2.1
92 silly currentTree │ │ │ │   └── nan@2.1.0
92 silly currentTree │ │ │ └── xmlhttprequest@1.5.0
92 silly currentTree │ │ ├─┬ has-binary@0.1.6
92 silly currentTree │ │ │ └── isarray@0.0.1
92 silly currentTree │ │ ├── indexof@0.0.1
92 silly currentTree │ │ ├── object-component@0.0.3
92 silly currentTree │ │ ├─┬ parseuri@0.0.2
92 silly currentTree │ │ │ └─┬ better-assert@1.0.2
92 silly currentTree │ │ │   └── callsite@1.0.0
92 silly currentTree │ │ └── to-array@0.1.3
92 silly currentTree │ └─┬ socket.io-parser@2.2.4
92 silly currentTree │   ├── benchmark@1.0.0
92 silly currentTree │   ├── component-emitter@1.1.2
92 silly currentTree │   ├── debug@0.7.4
92 silly currentTree │   ├── isarray@0.0.1
92 silly currentTree │   └── json3@3.2.6
92 silly currentTree └─┬ ws@0.8.1
92 silly currentTree   ├─┬ bufferutil@1.2.1
92 silly currentTree   │ ├── bindings@1.2.1
92 silly currentTree   │ └── nan@2.1.0
92 silly currentTree   ├── options@0.0.6
92 silly currentTree   ├── ultron@1.0.2
92 silly currentTree   └─┬ utf-8-validate@1.2.1
92 silly currentTree     ├── bindings@1.2.1
92 silly currentTree     └── nan@2.1.0
93 silly idealTree cluster
93 silly idealTree ├── daemonize2@0.4.2
93 silly idealTree ├── json-gate@0.8.22
93 silly idealTree ├─┬ mysql@2.8.0
93 silly idealTree │ ├── bignumber.js@2.0.7
93 silly idealTree │ └─┬ readable-stream@1.1.13
93 silly idealTree │   ├── core-util-is@1.0.1
93 silly idealTree │   ├── inherits@2.0.1
93 silly idealTree │   ├── isarray@0.0.1
93 silly idealTree │   └── string_decoder@0.10.31
93 silly idealTree ├── nan@2.1.0
93 silly idealTree ├── redis@0.12.1
93 silly idealTree ├─┬ socket.io@1.3.7
93 silly idealTree │ ├─┬ debug@2.1.0
93 silly idealTree │ │ └── ms@0.6.2
93 silly idealTree │ ├─┬ engine.io@1.5.4
93 silly idealTree │ │ ├── base64id@0.1.0
93 silly idealTree │ │ ├─┬ debug@1.0.3
93 silly idealTree │ │ │ └── ms@0.6.2
93 silly idealTree │ │ ├─┬ engine.io-parser@1.2.2
93 silly idealTree │ │ │ ├── after@0.8.1
93 silly idealTree │ │ │ ├── arraybuffer.slice@0.0.6
93 silly idealTree │ │ │ ├── base64-arraybuffer@0.1.2
93 silly idealTree │ │ │ ├── blob@0.0.4
93 silly idealTree │ │ │ ├─┬ has-binary@0.1.6
93 silly idealTree │ │ │ │ └── isarray@0.0.1
93 silly idealTree │ │ │ └── utf8@2.1.0
93 silly idealTree │ │ └─┬ ws@0.8.0
93 silly idealTree │ │   ├─┬ bufferutil@1.2.1
93 silly idealTree │ │   │ ├── bindings@1.2.1
93 silly idealTree │ │   │ └── nan@2.1.0
93 silly idealTree │ │   ├── options@0.0.6
93 silly idealTree │ │   ├── ultron@1.0.2
93 silly idealTree │ │   └─┬ utf-8-validate@1.2.1
93 silly idealTree │ │     ├── bindings@1.2.1
93 silly idealTree │ │     └── nan@2.1.0
93 silly idealTree │ ├─┬ has-binary-data@0.1.3
93 silly idealTree │ │ └── isarray@0.0.1
93 silly idealTree │ ├─┬ socket.io-adapter@0.3.1
93 silly idealTree │ │ ├─┬ debug@1.0.2
93 silly idealTree │ │ │ └── ms@0.6.2
93 silly idealTree │ │ ├── object-keys@1.0.1
93 silly idealTree │ │ └─┬ socket.io-parser@2.2.2
93 silly idealTree │ │   ├── benchmark@1.0.0
93 silly idealTree │ │   ├── component-emitter@1.1.2
93 silly idealTree │ │   ├── debug@0.7.4
93 silly idealTree │ │   ├── isarray@0.0.1
93 silly idealTree │ │   └── json3@3.2.6
93 silly idealTree │ ├─┬ socket.io-client@1.3.7
93 silly idealTree │ │ ├── backo2@1.0.2
93 silly idealTree │ │ ├── component-bind@1.0.0
93 silly idealTree │ │ ├── component-emitter@1.1.2
93 silly idealTree │ │ ├── debug@0.7.4
93 silly idealTree │ │ ├─┬ engine.io-client@1.5.4
93 silly idealTree │ │ │ ├── component-inherit@0.0.3
93 silly idealTree │ │ │ ├─┬ debug@1.0.4
93 silly idealTree │ │ │ │ └── ms@0.6.2
93 silly idealTree │ │ │ ├─┬ engine.io-parser@1.2.2
93 silly idealTree │ │ │ │ ├── after@0.8.1
93 silly idealTree │ │ │ │ ├── arraybuffer.slice@0.0.6
93 silly idealTree │ │ │ │ ├── base64-arraybuffer@0.1.2
93 silly idealTree │ │ │ │ ├── blob@0.0.4
93 silly idealTree │ │ │ │ └── utf8@2.1.0
93 silly idealTree │ │ │ ├─┬ has-cors@1.0.3
93 silly idealTree │ │ │ │ └── global@2.0.1
93 silly idealTree │ │ │ ├─┬ parsejson@0.0.1
93 silly idealTree │ │ │ │ └─┬ better-assert@1.0.2
93 silly idealTree │ │ │ │   └── callsite@1.0.0
93 silly idealTree │ │ │ ├─┬ parseqs@0.0.2
93 silly idealTree │ │ │ │ └─┬ better-assert@1.0.2
93 silly idealTree │ │ │ │   └── callsite@1.0.0
93 silly idealTree │ │ │ ├─┬ parseuri@0.0.4
93 silly idealTree │ │ │ │ └─┬ better-assert@1.0.2
93 silly idealTree │ │ │ │   └── callsite@1.0.0
93 silly idealTree │ │ │ ├─┬ ws@0.8.0
93 silly idealTree │ │ │ │ ├─┬ bufferutil@1.2.1
93 silly idealTree │ │ │ │ │ ├── bindings@1.2.1
93 silly idealTree │ │ │ │ │ └── nan@2.1.0
93 silly idealTree │ │ │ │ ├── options@0.0.6
93 silly idealTree │ │ │ │ ├── ultron@1.0.2
93 silly idealTree │ │ │ │ └─┬ utf-8-validate@1.2.1
93 silly idealTree │ │ │ │   ├── bindings@1.2.1
93 silly idealTree │ │ │ │   └── nan@2.1.0
93 silly idealTree │ │ │ └── xmlhttprequest@1.5.0
93 silly idealTree │ │ ├─┬ has-binary@0.1.6
93 silly idealTree │ │ │ └── isarray@0.0.1
93 silly idealTree │ │ ├── indexof@0.0.1
93 silly idealTree │ │ ├── object-component@0.0.3
93 silly idealTree │ │ ├─┬ parseuri@0.0.2
93 silly idealTree │ │ │ └─┬ better-assert@1.0.2
93 silly idealTree │ │ │   └── callsite@1.0.0
93 silly idealTree │ │ └── to-array@0.1.3
93 silly idealTree │ └─┬ socket.io-parser@2.2.4
93 silly idealTree │   ├── benchmark@1.0.0
93 silly idealTree │   ├── component-emitter@1.1.2
93 silly idealTree │   ├── debug@0.7.4
93 silly idealTree │   ├── isarray@0.0.1
93 silly idealTree │   └── json3@3.2.6
93 silly idealTree ├── sypexgeo-nan@0.1.2
93 silly idealTree └─┬ ws@0.8.1
93 silly idealTree   ├─┬ bufferutil@1.2.1
93 silly idealTree   │ ├── bindings@1.2.1
93 silly idealTree   │ └── nan@2.1.0
93 silly idealTree   ├── options@0.0.6
93 silly idealTree   ├── ultron@1.0.2
93 silly idealTree   └─┬ utf-8-validate@1.2.1
93 silly idealTree     ├── bindings@1.2.1
93 silly idealTree     └── nan@2.1.0
94 silly generateActionsToTake Starting
95 silly install generateActionsToTake
96 silly generateActionsToTake Finishing
97 silly diffTrees action count 2
98 silly diffTrees add nan@2.1.0
99 silly diffTrees add sypexgeo-nan@0.1.2
100 silly decomposeActions action count 16
101 silly decomposeActions fetch nan@2.1.0
102 silly decomposeActions extract nan@2.1.0
103 silly decomposeActions preinstall nan@2.1.0
104 silly decomposeActions build nan@2.1.0
105 silly decomposeActions install nan@2.1.0
106 silly decomposeActions postinstall nan@2.1.0
107 silly decomposeActions test nan@2.1.0
108 silly decomposeActions finalize nan@2.1.0
109 silly decomposeActions fetch sypexgeo-nan@0.1.2
110 silly decomposeActions extract sypexgeo-nan@0.1.2
111 silly decomposeActions preinstall sypexgeo-nan@0.1.2
112 silly decomposeActions build sypexgeo-nan@0.1.2
113 silly decomposeActions install sypexgeo-nan@0.1.2
114 silly decomposeActions postinstall sypexgeo-nan@0.1.2
115 silly decomposeActions test sypexgeo-nan@0.1.2
116 silly decomposeActions finalize sypexgeo-nan@0.1.2
117 silly executeActions Starting
118 silly install executeActions
119 silly doSerial global-install 0
120 silly doParallel fetch 2
121 verbose lock using /opt/usr/bh/.npm/_locks/staging-32a6ebb2734fcc5d.lock for /opt/usr/bh/cluster/node_modules/.staging
122 silly doParallel extract 2
123 silly extract nan@2.1.0
124 silly extract sypexgeo-nan@0.1.2
125 verbose unbuild node_modules/.staging/sypexgeo-nan-216807adc8a424c24bc63e9bf93d4cc3
126 verbose unbuild node_modules/.staging/nan-128e5db99303b8faff5cb55b1d1cf0aa
127 silly gentlyRm /opt/usr/bh/cluster/node_modules/.staging/sypexgeo-nan-216807adc8a424c24bc63e9bf93d4cc3 is being purged from base /opt/usr/bh/cluster
128 silly gentlyRm /opt/usr/bh/cluster/node_modules/.staging/nan-128e5db99303b8faff5cb55b1d1cf0aa is being purged from base /opt/usr/bh/cluster
129 verbose gentlyRm don't care about contents; nuking /opt/usr/bh/cluster/node_modules/.staging/sypexgeo-nan-216807adc8a424c24bc63e9bf93d4cc3
130 verbose gentlyRm don't care about contents; nuking /opt/usr/bh/cluster/node_modules/.staging/nan-128e5db99303b8faff5cb55b1d1cf0aa
131 verbose tar unpack /opt/usr/bh/.npm/sypexgeo-nan/0.1.2/package.tgz
132 verbose tar unpacking to /opt/usr/bh/cluster/node_modules/.staging/sypexgeo-nan-216807adc8a424c24bc63e9bf93d4cc3
133 silly gentlyRm /opt/usr/bh/cluster/node_modules/.staging/sypexgeo-nan-216807adc8a424c24bc63e9bf93d4cc3 is being purged
134 verbose tar unpack /opt/usr/bh/.npm/nan/2.1.0/package.tgz
135 verbose tar unpacking to /opt/usr/bh/cluster/node_modules/.staging/nan-128e5db99303b8faff5cb55b1d1cf0aa
136 silly gentlyRm /opt/usr/bh/cluster/node_modules/.staging/nan-128e5db99303b8faff5cb55b1d1cf0aa is being purged
137 verbose gentlyRm don't care about contents; nuking /opt/usr/bh/cluster/node_modules/.staging/sypexgeo-nan-216807adc8a424c24bc63e9bf93d4cc3
138 verbose gentlyRm don't care about contents; nuking /opt/usr/bh/cluster/node_modules/.staging/nan-128e5db99303b8faff5cb55b1d1cf0aa
139 silly gunzTarPerm modes [ '755', '644' ]
140 silly gunzTarPerm modes [ '755', '644' ]
141 silly gunzTarPerm extractEntry package.json
142 silly gunzTarPerm extractEntry package.json
143 silly gunzTarPerm extractEntry .npmignore
144 silly gunzTarPerm extractEntry Gruntfile.js
145 silly gunzTarPerm extractEntry README.md
146 silly gunzTarPerm extractEntry include_dirs.js
147 silly gunzTarPerm extractEntry README.markdown
148 silly gunzTarPerm extractEntry binding.gyp
149 silly gunzTarPerm extractEntry nan_converters_pre_43_inl.h
150 silly gunzTarPerm extractEntry appveyor.yml
151 silly gunzTarPerm extractEntry doc/new.md
152 silly gunzTarPerm extractEntry doc/.build.sh
153 silly gunzTarPerm extractEntry tools/cpplint.py
154 silly gunzTarPerm extractEntry lib/sypexgeo.js
155 silly gunzTarPerm extractEntry doc/buffers.md
156 silly gunzTarPerm extractEntry doc/callback.md
157 silly gunzTarPerm extractEntry LICENSE-MIT
158 silly gunzTarPerm extractEntry src/sypexgeo.cc
159 silly gunzTarPerm extractEntry doc/converters.md
160 silly gunzTarPerm extractEntry doc/errors.md
161 silly gunzTarPerm extractEntry src/sypexgeo.h
162 silly gunzTarPerm extractEntry src/sypexgeo_node.cc
163 silly gunzTarPerm extractEntry doc/maybe_types.md
164 silly gunzTarPerm extractEntry doc/methods.md
165 silly gunzTarPerm extractEntry src/sypexgeo_node.h
166 silly gunzTarPerm extractEntry test/sypexgeo_test.js
167 silly gunzTarPerm extractEntry build/Makefile
168 silly gunzTarPerm extractEntry build/Release/.deps/Release/obj.target/sypexgeo/src/sypexgeo.o.d
169 silly gunzTarPerm extractEntry doc/asyncworker.md
170 silly gunzTarPerm extractEntry doc/node_misc.md
171 silly gunzTarPerm extractEntry build/Release/.deps/Release/obj.target/sypexgeo/src/sypexgeo_node.o.d
172 silly gunzTarPerm extractEntry build/Release/.deps/Release/obj.target/sypexgeo.node.d
173 silly gunzTarPerm extractEntry build/Release/.deps/Release/sypexgeo.node.d
174 silly gunzTarPerm extractEntry build/Release/obj.target/sypexgeo/src/sypexgeo.o
175 silly gunzTarPerm extractEntry build/Release/obj.target/sypexgeo/src/sypexgeo_node.o
176 silly gunzTarPerm extractEntry doc/persistent.md
177 silly gunzTarPerm extractEntry doc/scopes.md
178 silly gunzTarPerm extractEntry build/Release/obj.target/sypexgeo.node
179 silly gunzTarPerm extractEntry doc/script.md
180 silly gunzTarPerm extractEntry doc/string_bytes.md
181 silly gunzTarPerm extractEntry build/Release/sypexgeo.node
182 silly gunzTarPerm extractEntry build/binding.Makefile
183 silly gunzTarPerm extractEntry doc/v8_internals.md
184 silly gunzTarPerm extractEntry doc/v8_misc.md
185 silly gunzTarPerm extractEntry LICENSE.md
186 silly gunzTarPerm extractEntry nan.h
187 silly gunzTarPerm extractEntry nan_callbacks.h
188 silly gunzTarPerm extractEntry nan_callbacks_12_inl.h
189 silly gunzTarPerm extractEntry nan_callbacks_pre_12_inl.h
190 silly gunzTarPerm extractEntry nan_converters.h
191 silly gunzTarPerm extractEntry nan_converters_43_inl.h
192 silly gunzTarPerm extractEntry CHANGELOG.md
193 silly gunzTarPerm extractEntry nan_implementation_12_inl.h
194 silly gunzTarPerm extractEntry nan_implementation_pre_12_inl.h
195 silly gunzTarPerm extractEntry nan_maybe_43_inl.h
196 silly gunzTarPerm extractEntry nan_maybe_pre_43_inl.h
197 silly gunzTarPerm extractEntry nan_new.h
198 silly gunzTarPerm extractEntry nan_object_wrap.h
199 silly gunzTarPerm extractEntry nan_persistent_12_inl.h
200 silly gunzTarPerm extractEntry nan_persistent_pre_12_inl.h
201 silly gunzTarPerm extractEntry nan_string_bytes.h
202 silly gunzTarPerm extractEntry nan_typedarray_contents.h
203 silly gunzTarPerm extractEntry nan_weak.h
204 silly gunzTarPerm extractEntry .dntrc
205 silly gunzTarPerm extractEntry tools/package.json
206 silly gunzTarPerm extractEntry tools/README.md
207 silly gunzTarPerm extractEntry tools/1to2.js
208 silly gunzTarPerm extractEntry build/config.gypi
209 silly gunzTarPerm extractEntry build/sypexgeo.target.mk
210 silly doParallel preinstall 2
211 silly preinstall nan@2.1.0 /opt/usr/bh/cluster/node_modules/.staging/nan-128e5db99303b8faff5cb55b1d1cf0aa
212 info lifecycle nan@2.1.0~preinstall: nan@2.1.0
213 silly preinstall sypexgeo-nan@0.1.2 /opt/usr/bh/cluster/node_modules/.staging/sypexgeo-nan-216807adc8a424c24bc63e9bf93d4cc3
214 info lifecycle sypexgeo-nan@0.1.2~preinstall: sypexgeo-nan@0.1.2
215 silly lifecycle nan@2.1.0~preinstall: no script for preinstall, continuing
216 silly lifecycle sypexgeo-nan@0.1.2~preinstall: no script for preinstall, continuing
217 silly doReverseSerial remove 0
218 silly doSerial move 0
219 silly doSerial finalize 2
220 silly finalize /opt/usr/bh/cluster/node_modules/nan
221 silly finalize /opt/usr/bh/cluster/node_modules/sypexgeo-nan
222 silly doSerial build 2
223 silly build nan@2.1.0
224 info linkStuff nan@2.1.0
225 silly linkStuff nan@2.1.0 has /opt/usr/bh/cluster/node_modules as its parent node_modules
226 verbose linkBins nan@2.1.0
227 verbose linkMans nan@2.1.0
228 silly build sypexgeo-nan@0.1.2
229 info linkStuff sypexgeo-nan@0.1.2
230 silly linkStuff sypexgeo-nan@0.1.2 has /opt/usr/bh/cluster/node_modules as its parent node_modules
231 verbose linkBins sypexgeo-nan@0.1.2
232 verbose linkMans sypexgeo-nan@0.1.2
233 silly doSerial global-link 0
234 silly doParallel update-linked 0
235 silly doSerial install 2
236 silly install nan@2.1.0 /opt/usr/bh/cluster/node_modules/.staging/nan-128e5db99303b8faff5cb55b1d1cf0aa
237 info lifecycle nan@2.1.0~install: nan@2.1.0
238 silly lifecycle nan@2.1.0~install: no script for install, continuing
239 silly install sypexgeo-nan@0.1.2 /opt/usr/bh/cluster/node_modules/.staging/sypexgeo-nan-216807adc8a424c24bc63e9bf93d4cc3
240 info lifecycle sypexgeo-nan@0.1.2~install: sypexgeo-nan@0.1.2
241 verbose lifecycle sypexgeo-nan@0.1.2~install: unsafe-perm in lifecycle true
242 verbose lifecycle sypexgeo-nan@0.1.2~install: PATH: /opt/node/lib/node_modules/npm/bin/node-gyp-bin:/opt/usr/bh/cluster/node_modules/sypexgeo-nan/node_modules/.bin:/opt/usr/bh/cluster/node_modules/.bin:/opt/node/bin:/usr/local/bin:/bin:/usr/bin:/usr/local/sbin:/usr/sbin:/sbin:/opt/go/bin:/opt/gocode/bin:/usr/lib/pgsql/9.3/bin:/opt/usr/bh/bin
243 verbose lifecycle sypexgeo-nan@0.1.2~install: CWD: /opt/usr/bh/cluster/node_modules/sypexgeo-nan
244 silly lifecycle sypexgeo-nan@0.1.2~install: Args: [ '-c', 'node-gyp rebuild' ]
245 silly lifecycle sypexgeo-nan@0.1.2~install: Returned: code: 1  signal: null
246 info lifecycle sypexgeo-nan@0.1.2~install: Failed to exec install script
247 verbose unlock done using /opt/usr/bh/.npm/_locks/staging-32a6ebb2734fcc5d.lock for /opt/usr/bh/cluster/node_modules/.staging
248 silly rollbackFailedOptional Starting
249 silly rollbackFailedOptional Finishing
250 silly runTopLevelLifecycles Starting
251 silly runTopLevelLifecycles Finishing
252 silly install printInstalled
253 warn ENOENT ENOENT: no such file or directory, open '/opt/usr/bh/cluster/package.json'
254 warn EPACKAGEJSON cluster No description
255 warn EPACKAGEJSON cluster No repository field.
256 warn EPACKAGEJSON cluster No README data
257 warn EPACKAGEJSON cluster No license field.
258 verbose stack Error: sypexgeo-nan@0.1.2 install: `node-gyp rebuild`
258 verbose stack Exit status 1
258 verbose stack     at EventEmitter.<anonymous> (/opt/node/lib/node_modules/npm/lib/utils/lifecycle.js:232:16)
258 verbose stack     at emitTwo (events.js:88:13)
258 verbose stack     at EventEmitter.emit (events.js:173:7)
258 verbose stack     at ChildProcess.<anonymous> (/opt/node/lib/node_modules/npm/lib/utils/spawn.js:24:14)
258 verbose stack     at emitTwo (events.js:88:13)
258 verbose stack     at ChildProcess.emit (events.js:173:7)
258 verbose stack     at maybeClose (internal/child_process.js:819:16)
258 verbose stack     at Process.ChildProcess._handle.onexit (internal/child_process.js:212:5)
259 verbose pkgid sypexgeo-nan@0.1.2
260 verbose cwd /opt/usr/bh/cluster
261 error Linux 2.6.32-573.7.1.el6.x86_64
262 error argv "/opt/node/bin/node" "/opt/node/bin/npm" "install" "sypexgeo-nan"
263 error node v5.2.0
264 error npm  v3.3.12
265 error code ELIFECYCLE
266 error sypexgeo-nan@0.1.2 install: `node-gyp rebuild`
266 error Exit status 1
267 error Failed at the sypexgeo-nan@0.1.2 install script 'node-gyp rebuild'.
267 error Make sure you have the latest version of node.js and npm installed.
267 error If you do, this is most likely a problem with the sypexgeo-nan package,
267 error not with npm itself.
267 error Tell the author that this fails on your system:
267 error     node-gyp rebuild
267 error You can get their info via:
267 error     npm owner ls sypexgeo-nan
267 error There is likely additional logging output above.
268 verbose exit [ 1, true ]
